<?xml version="1.0" encoding="UTF-8"?>
<!-- Generated by org.testng.reporters.JUnitReportReporter -->
<testsuite hostname="LAPTOP-H79FVVKT" failures="0" tests="2" name="CodingAssignment.AssignmentTest.AssignmentTestWithJsonServer" time="1.207" errors="0" timestamp="2022-08-24T09:39:45 IST" skipped="0">
  <testcase classname="CodingAssignment.AssignmentTest.AssignmentTestWithJsonServer" name="validateTeamHasAtleastOneWicketKeeper" time="1.158"/>
  <system-out/>
  <testcase classname="CodingAssignment.AssignmentTest.AssignmentTestWithJsonServer" name="validateTeamHasFourForeignPlayers" time="0.049"/>
  <system-out/>
</testsuite> <!-- CodingAssignment.AssignmentTest.AssignmentTestWithJsonServer -->
