<?xml version="1.0" encoding="UTF-8"?>
<!-- Generated by org.testng.reporters.JUnitReportReporter -->
<testsuite hostname="LAPTOP-H79FVVKT" failures="0" tests="1" name="CodingAssignment.AssignmentTest.AssignmentTestVagrant" time="1.529" errors="0" timestamp="2022-08-24T00:58:48 IST" skipped="0">
  <testcase classname="CodingAssignment.AssignmentTest.AssignmentTestVagrant" name="validateTeamHasFourForeignPlayers" time="1.529"/>
  <system-out/>
</testsuite> <!-- CodingAssignment.AssignmentTest.AssignmentTestVagrant -->
