<?xml version="1.0" encoding="UTF-8"?>
<!-- Generated by org.testng.reporters.JUnitReportReporter -->
<testsuite hostname="LAPTOP-H79FVVKT" failures="0" tests="2" name="CodingAssignment.AssignmentTest.AssignmentTestsWithJson" time="1.533" errors="0" timestamp="2022-08-24T09:39:54 IST" skipped="0">
  <testcase classname="CodingAssignment.AssignmentTest.AssignmentTestsWithJson" name="validateTeamHasFourForeignPlayers" time="0.208"/>
  <system-out/>
  <testcase classname="CodingAssignment.AssignmentTest.AssignmentTestsWithJson" name="validateTeamHasAtleastOneWicketKeeper" time="1.325"/>
  <system-out/>
</testsuite> <!-- CodingAssignment.AssignmentTest.AssignmentTestsWithJson -->
