<?xml version="1.0" encoding="UTF-8"?>
<!-- Generated by org.testng.reporters.JUnitReportReporter -->
<testsuite hostname="LAPTOP-H79FVVKT" failures="0" tests="1" name="CodingAssignment.AssignmentTest.AssignmentTestVagrant" time="0.985" errors="0" timestamp="2022-08-24T09:13:18 IST" skipped="0">
  <testcase classname="CodingAssignment.AssignmentTest.AssignmentTestVagrant" name="validateTeamHasAtleastOneWicketKeeper" time="0.985"/>
  <system-out/>
</testsuite> <!-- CodingAssignment.AssignmentTest.AssignmentTestVagrant -->
